<<<<<<< HEAD
echo "Building who's watching..."
Building who's watching...
go build -o whos_watching_exec main.go
codesign -s - whos_watching_exec
make: codesign: Command not found
make: *** [build] Error 127
./whos_watching_exec
2020/07/12 15:44:28 setting up db...
2020/07/12 15:44:28 Successfully Read config file
2020/07/12 15:44:28 Connection Successful!
2020/07/12 15:44:28 starting server...
2020/07/12 15:44:33 GET /media
2020/07/12 15:44:33 GET /users
2020/07/12 15:44:33 GET /users/3/preferences
2020/07/12 15:44:33 GET /users/3
2020/07/12 15:44:36 GET /users
2020/07/12 15:44:36 GET /media
2020/07/12 15:44:36 GET /users/3
2020/07/12 15:44:36 GET /users/3/preferences
2020/07/12 15:44:54 GET /users/2
2020/07/12 15:44:54 GET /users/2/preferences
2020/07/12 15:44:54 GET /media
2020/07/12 15:45:02 GET /users/1
2020/07/12 15:45:02 GET /media
2020/07/12 15:45:02 GET /users/1/preferences
2020/07/12 15:45:19 GET /users/3
2020/07/12 15:45:19 GET /users/3/preferences
2020/07/12 15:45:19 GET /media
2020/07/12 15:45:22 GET /media
2020/07/12 15:45:22 GET /users/2
2020/07/12 15:45:22 GET /users/2/preferences
2020/07/12 15:45:23 GET /media
2020/07/12 15:45:23 GET /users/1
2020/07/12 15:45:23 GET /users/1/preferences
make: *** [run] Interrupt
echo "Building who's watching..."
Building who's watching...
go build -o whos_watching_exec main.go
codesign -s - whos_watching_exec
make: codesign: Command not found
make: *** [build] Error 127
./whos_watching_exec
2020/07/12 18:14:51 setting up db...
2020/07/12 18:14:51 Successfully Read config file
2020/07/12 18:14:51 Connection Successful!
2020/07/12 18:14:51 starting server...
make: *** [run] Interrupt
echo "Building who's watching..."
Building who's watching...
go build -o whos_watching_exec main.go
codesign -s - whos_watching_exec
make: codesign: Command not found
make: *** [build] Error 127
./whos_watching_exec
2020/07/12 18:18:17 setting up db...
2020/07/12 18:18:17 Successfully Read config file
2020/07/12 18:18:17 Connection Successful!
2020/07/12 18:18:17 starting server...
2020/07/12 18:18:20 GET /media
2020/07/12 18:18:20 GET /users
2020/07/12 18:18:20 GET /users/3
2020/07/12 18:18:20 GET /users/3/preferences
2020/07/12 18:18:22 GET /media
2020/07/12 18:18:22 GET /users
2020/07/12 18:18:22 GET /users/3
2020/07/12 18:18:22 GET /users/3/preferences
2020/07/12 18:18:28 GET /users/3
2020/07/12 18:18:28 GET /users/3/preferences
2020/07/12 18:18:28 GET /users
2020/07/12 18:18:28 GET /media
2020/07/12 18:18:30 GET /media
2020/07/12 18:18:30 GET /users
2020/07/12 18:18:30 GET /users/3
2020/07/12 18:18:30 GET /users/3/preferences
2020/07/12 18:18:35 GET /media
2020/07/12 18:18:35 GET /users
2020/07/12 18:18:35 GET /users/3/preferences
2020/07/12 18:18:35 GET /users/3
2020/07/12 18:18:42 GET /users/2
2020/07/12 18:18:42 GET /users/2/preferences
2020/07/12 18:18:43 GET /users/1
2020/07/12 18:18:43 GET /users/1/preferences
2020/07/12 18:18:44 GET /users
2020/07/12 18:18:45 GET /users
2020/07/12 18:18:45 GET /users/2/preferences
2020/07/12 18:18:46 GET /users/2
2020/07/12 19:21:16 GET /media
2020/07/12 19:21:16 GET /users
2020/07/12 19:21:16 GET /users/3
2020/07/12 19:21:16 GET /users/3/preferences
2020/07/12 19:21:43 GET /users/1/preferences
2020/07/12 19:21:43 GET /users/1
2020/07/12 19:21:50 GET /users/2/preferences
2020/07/12 19:21:50 GET /users/2
2020/07/12 19:21:58 GET /users
2020/07/12 19:22:08 Updating user prefs...
2020/07/12 19:22:08 media updated!
2020/07/12 19:22:08 user preference updated.
2020/07/12 19:22:08 PUT /users/2/preferences/4
2020/07/12 19:22:08 GET /media
2020/07/12 19:22:08 GET /media
2020/07/12 19:22:08 GET /users/2
2020/07/12 19:22:08 GET /users
2020/07/12 19:22:08 GET /users/2/preferences
2020/07/12 19:22:34 GET /users/3
2020/07/12 19:22:34 GET /users/3/preferences
2020/07/12 19:24:14 Adding new media... TV Show {Killing Eve TV Show Mystery https://pmcdeadline2.files.wordpress.com/2019/12/bbca_ke_207_1920x1080-ep.jpg?w=681&h=383&crop=1 s1}
2020/07/12 19:24:14 media added!
2020/07/12 19:24:14 Adding user pref...
2020/07/12 19:24:14 User pref added!
2020/07/12 19:24:14 POST /users/3/preferences
2020/07/12 19:24:15 GET /media
2020/07/12 19:24:15 GET /media
2020/07/12 19:24:23 GET /users
2020/07/12 19:25:02 GET /users
2020/07/12 19:25:02 GET /users/2/preferences
2020/07/12 19:25:03 GET /users/2
2020/07/12 19:25:06 GET /users/3
2020/07/12 19:25:06 GET /users/3/preferences
2020/07/12 19:25:14 GET /users
2020/07/12 19:25:37 Updating user prefs...
2020/07/12 19:25:37 media updated!
2020/07/12 19:25:37 user preference updated.
2020/07/12 19:25:37 PUT /users/3/preferences/25
2020/07/12 19:25:37 GET /media
2020/07/12 19:25:37 GET /media
2020/07/12 19:25:37 GET /users
2020/07/12 19:25:37 GET /users/3
2020/07/12 19:25:37 GET /users/3/preferences
2020/07/12 19:25:48 GET /media
2020/07/12 19:25:48 GET /users/3
2020/07/12 19:25:48 GET /users
2020/07/12 19:25:48 GET /users/3/preferences
2020/07/12 19:26:08 GET /users/2
2020/07/12 19:26:08 GET /users/2/preferences
2020/07/12 19:26:11 GET /users/1
2020/07/12 19:26:11 GET /users/1/preferences
2020/07/12 19:26:16 GET /users/3/preferences
2020/07/12 19:26:16 GET /users/3
2020/07/12 19:26:18 GET /users/1
2020/07/12 19:26:18 GET /users/1/preferences
2020/07/12 19:28:00 GET /users/3/preferences
2020/07/12 19:28:00 GET /users/3
2020/07/12 19:28:24 GET /users
2020/07/12 19:28:43 Updating user prefs...
2020/07/12 19:28:43 Updating user prefs...
2020/07/12 19:28:43 media updated!
2020/07/12 19:28:43 user preference updated.
2020/07/12 19:28:43 PUT /users/3/preferences/25
2020/07/12 19:28:43 media updated!
2020/07/12 19:28:43 user preference updated.
2020/07/12 19:28:43 PUT /users/3/preferences/25
2020/07/12 19:28:43 GET /users
2020/07/12 19:28:43 GET /users/3
2020/07/12 19:28:43 GET /users/3/preferences
2020/07/12 19:28:43 GET /media
2020/07/12 19:28:43 GET /media
2020/07/12 19:28:43 GET /media
2020/07/12 19:28:43 GET /media
2020/07/12 19:31:01 GET /users
2020/07/12 19:31:08 Updating user prefs...
2020/07/12 19:31:08 media updated!
2020/07/12 19:31:08 user preference updated.
2020/07/12 19:31:08 PUT /users/3/preferences/5
2020/07/12 19:31:08 GET /users
2020/07/12 19:31:08 GET /media
2020/07/12 19:31:08 GET /users/3
2020/07/12 19:31:08 GET /users/3/preferences
2020/07/12 19:31:08 GET /media
2020/07/12 19:31:21 GET /users/2
2020/07/12 19:31:21 GET /users/2/preferences
2020/07/12 19:31:33 GET /media
2020/07/12 19:31:33 GET /users
2020/07/12 19:31:33 GET /users/3
2020/07/12 19:31:33 GET /users/3/preferences
2020/07/12 19:31:40 GET /users
2020/07/12 19:31:43 Updating user prefs...
2020/07/12 19:31:43 media updated!
2020/07/12 19:31:43 user preference updated.
2020/07/12 19:31:43 PUT /users/3/preferences/5
2020/07/12 19:31:43 GET /users
2020/07/12 19:31:43 GET /media
2020/07/12 19:31:43 GET /users/3/preferences
2020/07/12 19:31:43 GET /media
2020/07/12 19:31:43 GET /users/3
2020/07/12 19:31:46 GET /users/2/preferences
2020/07/12 19:31:46 GET /users/2
2020/07/12 19:31:48 GET /users/1/preferences
2020/07/12 19:31:48 GET /users/1
2020/07/12 19:31:48 GET /users/2
2020/07/12 19:31:48 GET /users/2/preferences
2020/07/12 19:31:49 GET /users/3/preferences
2020/07/12 19:31:49 GET /users/3
2020/07/12 19:42:05 GET /users
2020/07/12 19:42:16 GET /users
2020/07/12 19:42:16 GET /users/1
2020/07/12 19:42:16 GET /users/1/preferences
2020/07/12 19:42:56 GET /users/3
2020/07/12 19:42:56 GET /media
2020/07/12 19:42:56 GET /users
2020/07/12 19:42:56 GET /users/3/preferences
2020/07/12 19:48:04 GET /media
2020/07/12 19:48:04 GET /users
2020/07/12 19:48:04 GET /users/3
2020/07/12 19:48:04 GET /users/3/preferences
make: *** [run] Terminated
echo "Building who's watching..."
Building who's watching...
go build -o whos_watching_exec main.go
codesign -s - whos_watching_exec
make: codesign: Command not found
make: *** [build] Error 127
./whos_watching_exec
2020/07/12 21:59:17 setting up db...
2020/07/12 21:59:17 Successfully Read config file
2020/07/12 21:59:17 Connection Successful!
2020/07/12 21:59:17 starting server...
make: *** [run] Interrupt
echo "Building who's watching..."
Building who's watching...
go build -o whos_watching_exec main.go
codesign -s - whos_watching_exec
make: codesign: Command not found
make: *** [build] Error 127
./whos_watching_exec
2020/07/12 22:00:41 setting up db...
2020/07/12 22:00:41 Successfully Read config file
2020/07/12 22:00:41 Connection Successful!
2020/07/12 22:00:41 starting server...
2020/07/12 22:35:18 GET /users
2020/07/12 22:35:18 GET /media
2020/07/12 22:35:18 GET /users/3
2020/07/12 22:35:18 GET /users/3/preferences
2020/07/12 22:35:25 GET /users/2
2020/07/12 22:35:25 GET /users/2/preferences
2020/07/12 22:35:26 GET /users/1
2020/07/12 22:35:26 GET /users/1/preferences
2020/07/12 22:35:31 GET /media
2020/07/12 22:35:31 GET /users
2020/07/12 22:35:31 GET /users/1
2020/07/12 22:35:31 GET /users/1/preferences
2020/07/12 22:35:33 GET /users/2
2020/07/12 22:35:33 GET /users/2/preferences
2020/07/12 22:35:34 GET /users/1
2020/07/12 22:35:34 GET /users/1/preferences
2020/07/12 22:36:44 GET /media
2020/07/12 22:36:44 GET /users
2020/07/12 22:36:44 GET /users/1
2020/07/12 22:36:44 GET /users/1/preferences
2020/07/12 22:36:48 GET /users/2
2020/07/12 22:36:48 GET /users/2/preferences
2020/07/12 22:36:49 GET /users/3/preferences
2020/07/12 22:36:50 GET /users/3
2020/07/12 22:37:31 GET /media
2020/07/12 22:37:31 GET /users/3
2020/07/12 22:37:31 GET /users
2020/07/12 22:37:31 GET /users/3/preferences
2020/07/12 22:37:37 GET /users/2/preferences
2020/07/12 22:37:37 GET /users/2
2020/07/12 22:37:40 GET /users/1
2020/07/12 22:37:40 GET /users/1/preferences
2020/07/12 22:37:45 GET /users/2
2020/07/12 22:37:45 GET /users/2/preferences
2020/07/12 22:37:52 GET /users
2020/07/12 22:37:55 GET /users
2020/07/12 22:37:55 GET /users/1
2020/07/12 22:37:55 GET /users/1/preferences
2020/07/12 22:37:56 GET /users/3/preferences
2020/07/12 22:37:57 GET /users/3
=======
Starting a Gradle Daemon, 6 busy and 1 incompatible and 1 stopped Daemons could not be reused, use --status for details
Exception in thread "DisconnectableInputStream source reader" org.gradle.api.UncheckedIOException: java.io.IOException: Bad file descriptor
	at org.gradle.internal.UncheckedException.throwAsUncheckedException(UncheckedException.java:61)
	at org.gradle.internal.UncheckedException.throwAsUncheckedException(UncheckedException.java:41)
	at org.gradle.util.DisconnectableInputStream$1.run(DisconnectableInputStream.java:125)
	at java.lang.Thread.run(Thread.java:748)
Caused by: java.io.IOException: Bad file descriptor
	at java.io.FileInputStream.readBytes(Native Method)
	at java.io.FileInputStream.read(FileInputStream.java:255)
	at java.io.BufferedInputStream.fill(BufferedInputStream.java:246)
	at java.io.BufferedInputStream.read1(BufferedInputStream.java:286)
	at java.io.BufferedInputStream.read(BufferedInputStream.java:345)
	at org.gradle.util.DisconnectableInputStream$1.run(DisconnectableInputStream.java:96)
	... 1 more
> Task :compileJava UP-TO-DATE
> Task :processResources UP-TO-DATE
> Task :classes UP-TO-DATE

> Task :bootRun

  .   ____          _            __ _ _
 /\\ / ___'_ __ _ _(_)_ __  __ _ \ \ \ \
( ( )\___ | '_ | '_| | '_ \/ _` | \ \ \ \
 \\/  ___)| |_)| | | | | || (_| |  ) ) ) )
  '  |____| .__|_| |_|_| |_\__, | / / / /
 =========|_|==============|___/=/_/_/_/
[32m :: Spring Boot :: [39m      [2m (v2.1.6.RELEASE)[0;39m

[2m2020-06-09 19:01:03.530[0;39m [32m INFO[0;39m [35m660[0;39m [2m---[0;39m [2m[  restartedMain][0;39m [36mcom.proj.TodoApplication                [0;39m [2m:[0;39m Starting TodoApplication on zmomen-pc with PID 660 (/home/zmomen/workspace/moving-list/build/classes/java/main started by zmomen in /home/zmomen/workspace/moving-list)
[2m2020-06-09 19:01:03.547[0;39m [32m INFO[0;39m [35m660[0;39m [2m---[0;39m [2m[  restartedMain][0;39m [36mcom.proj.TodoApplication                [0;39m [2m:[0;39m No active profile set, falling back to default profiles: default
[2m2020-06-09 19:01:03.723[0;39m [32m INFO[0;39m [35m660[0;39m [2m---[0;39m [2m[  restartedMain][0;39m [36m.e.DevToolsPropertyDefaultsPostProcessor[0;39m [2m:[0;39m Devtools property defaults active! Set 'spring.devtools.add-properties' to 'false' to disable
[2m2020-06-09 19:01:03.726[0;39m [32m INFO[0;39m [35m660[0;39m [2m---[0;39m [2m[  restartedMain][0;39m [36m.e.DevToolsPropertyDefaultsPostProcessor[0;39m [2m:[0;39m For additional web related logging consider setting the 'logging.level.web' property to 'DEBUG'
[2m2020-06-09 19:01:08.031[0;39m [32m INFO[0;39m [35m660[0;39m [2m---[0;39m [2m[  restartedMain][0;39m [36m.s.d.r.c.RepositoryConfigurationDelegate[0;39m [2m:[0;39m Bootstrapping Spring Data repositories in DEFAULT mode.
[2m2020-06-09 19:01:08.231[0;39m [32m INFO[0;39m [35m660[0;39m [2m---[0;39m [2m[  restartedMain][0;39m [36m.s.d.r.c.RepositoryConfigurationDelegate[0;39m [2m:[0;39m Finished Spring Data repository scanning in 179ms. Found 2 repository interfaces.
[2m2020-06-09 19:01:10.026[0;39m [32m INFO[0;39m [35m660[0;39m [2m---[0;39m [2m[  restartedMain][0;39m [36mtrationDelegate$BeanPostProcessorChecker[0;39m [2m:[0;39m Bean 'org.springframework.transaction.annotation.ProxyTransactionManagementConfiguration' of type [org.springframework.transaction.annotation.ProxyTransactionManagementConfiguration$$EnhancerBySpringCGLIB$$e37a41c1] is not eligible for getting processed by all BeanPostProcessors (for example: not eligible for auto-proxying)
[2m2020-06-09 19:01:11.221[0;39m [32m INFO[0;39m [35m660[0;39m [2m---[0;39m [2m[  restartedMain][0;39m [36mo.s.b.w.embedded.tomcat.TomcatWebServer [0;39m [2m:[0;39m Tomcat initialized with port(s): 8080 (http)
[2m2020-06-09 19:01:11.318[0;39m [32m INFO[0;39m [35m660[0;39m [2m---[0;39m [2m[  restartedMain][0;39m [36mo.apache.catalina.core.StandardService  [0;39m [2m:[0;39m Starting service [Tomcat]
[2m2020-06-09 19:01:11.318[0;39m [32m INFO[0;39m [35m660[0;39m [2m---[0;39m [2m[  restartedMain][0;39m [36morg.apache.catalina.core.StandardEngine [0;39m [2m:[0;39m Starting Servlet engine: [Apache Tomcat/9.0.21]
[2m2020-06-09 19:01:11.702[0;39m [32m INFO[0;39m [35m660[0;39m [2m---[0;39m [2m[  restartedMain][0;39m [36mo.a.c.c.C.[Tomcat].[localhost].[/]      [0;39m [2m:[0;39m Initializing Spring embedded WebApplicationContext
[2m2020-06-09 19:01:11.702[0;39m [32m INFO[0;39m [35m660[0;39m [2m---[0;39m [2m[  restartedMain][0;39m [36mo.s.web.context.ContextLoader           [0;39m [2m:[0;39m Root WebApplicationContext: initialization completed in 7975 ms
[2m2020-06-09 19:01:13.247[0;39m [32m INFO[0;39m [35m660[0;39m [2m---[0;39m [2m[  restartedMain][0;39m [36mcom.zaxxer.hikari.HikariDataSource      [0;39m [2m:[0;39m HikariPool-1 - Starting...
[2m2020-06-09 19:01:14.113[0;39m [32m INFO[0;39m [35m660[0;39m [2m---[0;39m [2m[  restartedMain][0;39m [36mcom.zaxxer.hikari.HikariDataSource      [0;39m [2m:[0;39m HikariPool-1 - Start completed.
[2m2020-06-09 19:01:14.349[0;39m [32m INFO[0;39m [35m660[0;39m [2m---[0;39m [2m[  restartedMain][0;39m [36mo.hibernate.jpa.internal.util.LogHelper [0;39m [2m:[0;39m HHH000204: Processing PersistenceUnitInfo [
	name: default
	...]
[2m2020-06-09 19:01:14.557[0;39m [32m INFO[0;39m [35m660[0;39m [2m---[0;39m [2m[  restartedMain][0;39m [36morg.hibernate.Version                   [0;39m [2m:[0;39m HHH000412: Hibernate Core {5.3.10.Final}
[2m2020-06-09 19:01:14.566[0;39m [32m INFO[0;39m [35m660[0;39m [2m---[0;39m [2m[  restartedMain][0;39m [36morg.hibernate.cfg.Environment           [0;39m [2m:[0;39m HHH000206: hibernate.properties not found
[2m2020-06-09 19:01:15.011[0;39m [32m INFO[0;39m [35m660[0;39m [2m---[0;39m [2m[  restartedMain][0;39m [36mo.hibernate.annotations.common.Version  [0;39m [2m:[0;39m HCANN000001: Hibernate Commons Annotations {5.0.4.Final}
[2m2020-06-09 19:01:15.508[0;39m [32m INFO[0;39m [35m660[0;39m [2m---[0;39m [2m[  restartedMain][0;39m [36morg.hibernate.dialect.Dialect           [0;39m [2m:[0;39m HHH000400: Using dialect: org.hibernate.dialect.MySQL5Dialect
[2m2020-06-09 19:01:17.819[0;39m [32m INFO[0;39m [35m660[0;39m [2m---[0;39m [2m[  restartedMain][0;39m [36mj.LocalContainerEntityManagerFactoryBean[0;39m [2m:[0;39m Initialized JPA EntityManagerFactory for persistence unit 'default'
[2m2020-06-09 19:01:17.869[0;39m [32m INFO[0;39m [35m660[0;39m [2m---[0;39m [2m[  restartedMain][0;39m [36mo.s.b.d.a.OptionalLiveReloadServer      [0;39m [2m:[0;39m LiveReload server is running on port 35729
[2m2020-06-09 19:01:19.598[0;39m [33m WARN[0;39m [35m660[0;39m [2m---[0;39m [2m[  restartedMain][0;39m [36maWebConfiguration$JpaWebMvcConfiguration[0;39m [2m:[0;39m spring.jpa.open-in-view is enabled by default. Therefore, database queries may be performed during view rendering. Explicitly configure spring.jpa.open-in-view to disable this warning
[2m2020-06-09 19:01:19.946[0;39m [32m INFO[0;39m [35m660[0;39m [2m---[0;39m [2m[  restartedMain][0;39m [36mo.s.b.a.e.web.EndpointLinksResolver     [0;39m [2m:[0;39m Exposing 2 endpoint(s) beneath base path '/actuator'
[2m2020-06-09 19:01:20.288[0;39m [32m INFO[0;39m [35m660[0;39m [2m---[0;39m [2m[  restartedMain][0;39m [36mpertySourcedRequestMappingHandlerMapping[0;39m [2m:[0;39m Mapped URL path [/v2/api-docs] onto method [public org.springframework.http.ResponseEntity<springfox.documentation.spring.web.json.Json> springfox.documentation.swagger2.web.Swagger2Controller.getDocumentation(java.lang.String,javax.servlet.http.HttpServletRequest)]
[2m2020-06-09 19:01:20.707[0;39m [32m INFO[0;39m [35m660[0;39m [2m---[0;39m [2m[  restartedMain][0;39m [36mo.s.s.concurrent.ThreadPoolTaskExecutor [0;39m [2m:[0;39m Initializing ExecutorService 'applicationTaskExecutor'
[2m2020-06-09 19:01:21.589[0;39m [32m INFO[0;39m [35m660[0;39m [2m---[0;39m [2m[  restartedMain][0;39m [36md.s.w.p.DocumentationPluginsBootstrapper[0;39m [2m:[0;39m Context refreshed
[2m2020-06-09 19:01:21.666[0;39m [32m INFO[0;39m [35m660[0;39m [2m---[0;39m [2m[  restartedMain][0;39m [36md.s.w.p.DocumentationPluginsBootstrapper[0;39m [2m:[0;39m Found 1 custom documentation plugin(s)
[2m2020-06-09 19:01:21.796[0;39m [32m INFO[0;39m [35m660[0;39m [2m---[0;39m [2m[  restartedMain][0;39m [36ms.d.s.w.s.ApiListingReferenceScanner    [0;39m [2m:[0;39m Scanning for api listing references
[2m2020-06-09 19:01:22.443[0;39m [32m INFO[0;39m [35m660[0;39m [2m---[0;39m [2m[  restartedMain][0;39m [36mo.s.b.w.embedded.tomcat.TomcatWebServer [0;39m [2m:[0;39m Tomcat started on port(s): 8080 (http) with context path ''
[2m2020-06-09 19:01:22.449[0;39m [32m INFO[0;39m [35m660[0;39m [2m---[0;39m [2m[  restartedMain][0;39m [36mcom.proj.TodoApplication                [0;39m [2m:[0;39m Started TodoApplication in 20.334 seconds (JVM running for 21.429)
[2m2020-06-09 19:01:36.771[0;39m [32m INFO[0;39m [35m660[0;39m [2m---[0;39m [2m[nio-8080-exec-1][0;39m [36mo.a.c.c.C.[Tomcat].[localhost].[/]      [0;39m [2m:[0;39m Initializing Spring DispatcherServlet 'dispatcherServlet'
[2m2020-06-09 19:01:36.772[0;39m [32m INFO[0;39m [35m660[0;39m [2m---[0;39m [2m[nio-8080-exec-1][0;39m [36mo.s.web.servlet.DispatcherServlet       [0;39m [2m:[0;39m Initializing Servlet 'dispatcherServlet'
[2m2020-06-09 19:01:36.795[0;39m [32m INFO[0;39m [35m660[0;39m [2m---[0;39m [2m[nio-8080-exec-1][0;39m [36mo.s.web.servlet.DispatcherServlet       [0;39m [2m:[0;39m Completed initialization in 23 ms
[2m2020-06-09 19:01:37.114[0;39m [32m INFO[0;39m [35m660[0;39m [2m---[0;39m [2m[nio-8080-exec-2][0;39m [36mo.h.h.i.QueryTranslatorFactoryInitiator [0;39m [2m:[0;39m HHH000397: Using ASTQueryTranslatorFactory
[2m2020-06-19 20:26:41.601[0;39m [32m INFO[0;39m [35m660[0;39m [2m---[0;39m [2m[       Thread-9][0;39m [36mo.s.s.concurrent.ThreadPoolTaskExecutor [0;39m [2m:[0;39m Shutting down ExecutorService 'applicationTaskExecutor'
>>>>>>> pushing to origin
